<?xml version="1.0" encoding="UTF-8" ?>
<testsuites errors="1"
            failures="1"
            tests="3">

  <testsuite name="comeuntochrist.tests"
    errors="1" failures="1" hostname="" id="" package="comeuntochrist" skipped="3"
    tests="3" time="9.230" timestamp="">
  
    <testcase name="Test Case No.1" classname="comeuntochrist.tests" time="2.733" assertions="1">

    
    </testcase>
  
    <testcase name="Test Case No.2" classname="comeuntochrist.tests" time="0.1110" assertions="2">

    

    
    </testcase>
  
    <testcase name="Test Case No.3" classname="comeuntochrist.tests" time="6.386" assertions="2">

      <failure message="Timed out while waiting for element &lt;.search-form_form&gt; to be visible for 5000 milliseconds. - expected &#34;visible&#34; but got: &#34;not visible&#34; (5154ms)">    at Object.Test Case No.3 (/Users/russellcarey/Projects/DevMountain/Practice/come-unto-christ/tests/comeuntochrist/tests.js:57:8)
    at processTicksAndRejections (internal/process/task_queues.js:97:5)</failure>

    
    <error message="Timed out while waiting for element &lt;.search-form_form&gt; to be visible for 5000 milliseconds. - expected [0;32m&#34;visible&#34;[0m but got: [0;31m&#34;not visible&#34;[0m [0;90m(5154ms)[0m" type="error"><![CDATA[
        at Object.Test Case No.3 (/Users/russellcarey/Projects/DevMountain/Practice/come-unto-christ/tests/comeuntochrist/tests.js:57:8)
    at processTicksAndRejections (internal/process/task_queues.js:97:5)
    ]]></error>
    
    </testcase>
  

  
    <system-err>
        TimeoutError: An error occurred while running .click() command on &lt;.page-header-nav_openSearch&gt;:   (Session info: chrome=84.0.4147.125),  (Driver info: chromedriver=84.0.4147.30 (48b3e868b4cc0aa7e8149519690b6f6949e110a8-refs/branch-heads/4147@{#310}),platform=Mac OS X 10.15.6 x86_64); element click intercepted: Element &lt;button data-button=&#34;open-search&#34; aria-label=&#34;Open search&#34; aria-haspopup=&#34;&#34; class=&#34;page-header-nav_openSearch&#34;&gt;...&lt;/button&gt; is not clickable at point (1130, 133). Other element would receive the click: &lt;body class=&#34;page_page typography_lead gvsg-grid_gvsgGrid&#34; data-overlay=&#34;&#34; fix-body=&#34;&#34;&gt;...&lt;/body&gt;
   {&#34;status&#34;:-1,&#34;state&#34;:&#34;&#34;,&#34;value&#34;:{&#34;message&#34;:&#34;element click intercepted: Element &lt;button data-button=\&#34;open-search\&#34; aria-label=\&#34;Open search\&#34; aria-haspopup=\&#34;\&#34; class=\&#34;page-header-nav_openSearch\&#34;&gt;...&lt;/button&gt; is not clickable at point (1130, 133). Other element would receive the click: &lt;body class=\&#34;page_page typography_lead gvsg-grid_gvsgGrid\&#34; data-overlay=\&#34;\&#34; fix-body=\&#34;\&#34;&gt;...&lt;/body&gt;&#34;,&#34;error&#34;:[&#34;  (Session info: chrome=84.0.4147.125)&#34;,&#34;  (Driver info: chromedriver=84.0.4147.30 (48b3e868b4cc0aa7e8149519690b6f6949e110a8-refs/branch-heads/4147@{#310}),platform=Mac OS X 10.15.6 x86_64)&#34;]},&#34;errorStatus&#34;:64,&#34;error&#34;:&#34;element click intercepted: Element &lt;button data-button=\&#34;open-search\&#34; aria-label=\&#34;Open search\&#34; aria-haspopup=\&#34;\&#34; class=\&#34;page-header-nav_openSearch\&#34;&gt;...&lt;/button&gt; is not clickable at point (1130, 133). Other element would receive the click: &lt;body class=\&#34;page_page typography_lead gvsg-grid_gvsgGrid\&#34; data-overlay=\&#34;\&#34; fix-body=\&#34;\&#34;&gt;...&lt;/body&gt;&#34;,&#34;httpStatusCode&#34;:200}
       at processTicksAndRejections (internal/process/task_queues.js:97:5)
    </system-err>
  

    

  
    
    <testcase
      name="Test Case No.4" classname="comeuntochrist.tests">
      <skipped />
    </testcase>
    
    <testcase
      name="Test Case No.5" classname="comeuntochrist.tests">
      <skipped />
    </testcase>
    
    <testcase
      name="Test Case No.6" classname="comeuntochrist.tests">
      <skipped />
    </testcase>
    
  
  </testsuite>
</testsuites>
